TN:
SF:app\page.tsx
FN:8,Home
FN:15,(anonymous_3)
FN:17,(anonymous_4)
FN:20,(anonymous_5)
FNF:4
FNH:4
FNDA:9,Home
FNDA:4,(anonymous_3)
FNDA:4,(anonymous_4)
FNDA:2,(anonymous_5)
DA:3,1
DA:4,1
DA:5,1
DA:6,1
DA:8,4
DA:9,9
DA:10,9
DA:15,8
DA:16,4
DA:17,4
DA:20,8
DA:21,2
DA:23,2
DA:26,2
LF:14
LH:14
BRF:0
BRH:0
end_of_record
TN:
SF:app\dashboard\page.tsx
FN:4,Dashboard
FN:46,(anonymous_3)
FN:64,(anonymous_4)
FNF:3
FNH:3
FNDA:4,Dashboard
FNDA:16,(anonymous_3)
FNDA:20,(anonymous_4)
DA:1,1
DA:2,1
DA:4,4
DA:5,4
DA:22,4
DA:47,16
DA:65,20
LF:7
LH:7
BRF:0
BRH:0
end_of_record
TN:
SF:app\forgot-password\page.tsx
FN:9,ForgotPassword
FN:14,(anonymous_3)
FN:36,(anonymous_4)
FNF:3
FNH:3
FNDA:9,ForgotPassword
FNDA:2,(anonymous_3)
FNDA:2,(anonymous_4)
DA:5,1
DA:6,1
DA:7,1
DA:9,5
DA:10,9
DA:11,9
DA:12,9
DA:14,9
DA:15,2
DA:17,2
DA:18,2
DA:36,2
LF:12
LH:12
BRDA:27,0,0,7
BRF:1
BRH:1
end_of_record
TN:
SF:app\register\page.tsx
FN:9,Register
FN:22,(anonymous_3)
FN:24,(anonymous_4)
FN:27,(anonymous_5)
FNF:4
FNH:4
FNDA:21,Register
FNDA:16,(anonymous_3)
FNDA:16,(anonymous_4)
FNDA:2,(anonymous_5)
DA:5,1
DA:6,1
DA:7,1
DA:9,4
DA:10,21
DA:11,21
DA:22,20
DA:23,16
DA:24,16
DA:27,20
DA:28,2
DA:30,2
DA:33,2
LF:13
LH:13
BRF:0
BRH:0
end_of_record
TN:
SF:app\sales\page.tsx
FN:17,Sales
FN:41,(anonymous_2)
FN:43,(anonymous_3)
FN:46,(anonymous_4)
FN:54,(anonymous_5)
FN:57,(anonymous_6)
FN:79,(anonymous_7)
FN:101,(anonymous_8)
FN:128,(anonymous_9)
FN:278,(anonymous_10)
FNF:10
FNH:10
FNDA:25,Sales
FNDA:10,(anonymous_2)
FNDA:10,(anonymous_3)
FNDA:1,(anonymous_4)
FNDA:175,(anonymous_5)
FNDA:163,(anonymous_6)
FNDA:3,(anonymous_7)
FNDA:3,(anonymous_8)
FNDA:163,(anonymous_9)
FNDA:1,(anonymous_10)
DA:5,1
DA:6,1
DA:17,7
DA:19,25
DA:29,25
DA:30,25
DA:31,25
DA:41,25
DA:42,10
DA:43,10
DA:46,25
DA:47,1
DA:48,1
DA:49,1
DA:53,25
DA:54,175
DA:57,25
DA:58,163
DA:60,94
DA:62,46
DA:64,23
DA:66,0
DA:79,3
DA:101,3
DA:129,163
DA:278,1
LF:26
LH:25
BRDA:54,0,0,175
BRDA:54,0,1,13
BRDA:58,1,0,94
BRDA:58,1,1,46
BRDA:58,1,2,23
BRDA:58,1,3,0
BRDA:165,2,0,25
BRF:7
BRH:6
end_of_record
TN:
SF:app\users\page.tsx
FN:16,Users
FN:28,(anonymous_3)
FN:30,(anonymous_4)
FN:62,(anonymous_5)
FN:72,(anonymous_6)
FNF:5
FNH:2
FNDA:4,Users
FNDA:0,(anonymous_3)
FNDA:0,(anonymous_4)
FNDA:28,(anonymous_5)
FNDA:0,(anonymous_6)
DA:3,1
DA:4,1
DA:5,1
DA:16,4
DA:18,4
DA:28,4
DA:30,0
DA:63,28
DA:72,0
LF:9
LH:7
BRF:0
BRH:0
end_of_record
TN:
SF:app\users\new\page.tsx
FN:9,NewUser
FN:18,(anonymous_3)
FN:20,(anonymous_4)
FN:23,(anonymous_5)
FNF:4
FNH:4
FNDA:14,NewUser
FNDA:8,(anonymous_3)
FNDA:8,(anonymous_4)
FNDA:2,(anonymous_5)
DA:5,1
DA:6,1
DA:7,1
DA:9,6
DA:10,14
DA:11,14
DA:18,14
DA:19,8
DA:20,8
DA:23,14
DA:24,2
DA:26,2
DA:29,2
LF:13
LH:13
BRF:0
BRH:0
end_of_record
