TN:
SF:app\layout.tsx
FN:17,RootLayout
FNF:1
FNH:0
FNDA:0,RootLayout
DA:3,0
DA:4,0
DA:5,0
DA:6,0
DA:7,0
DA:9,0
DA:11,0
DA:17,0
LF:8
LH:0
BRF:0
BRH:0
end_of_record
TN:
SF:app\page.tsx
FN:8,Home
FN:15,(anonymous_3)
FN:17,(anonymous_4)
FN:20,(anonymous_5)
FNF:4
FNH:4
FNDA:7,Home
FNDA:4,(anonymous_3)
FNDA:4,(anonymous_4)
FNDA:1,(anonymous_5)
DA:3,1
DA:4,1
DA:5,1
DA:6,1
DA:8,3
DA:9,7
DA:10,7
DA:15,7
DA:16,4
DA:17,4
DA:20,7
DA:21,1
DA:23,1
DA:26,1
LF:14
LH:14
BRF:0
BRH:0
end_of_record
TN:
SF:app\dashboard\page.tsx
FN:4,Dashboard
FN:48,(anonymous_3)
FN:66,(anonymous_4)
FNF:3
FNH:3
FNDA:4,Dashboard
FNDA:16,(anonymous_3)
FNDA:20,(anonymous_4)
DA:1,1
DA:2,1
DA:4,4
DA:5,4
DA:24,4
DA:49,16
DA:67,20
LF:7
LH:7
BRF:0
BRH:0
end_of_record
TN:
SF:app\forgot-password\page.tsx
FN:8,ForgotPassword
FN:12,(anonymous_3)
FN:37,(anonymous_4)
FNF:3
FNH:3
FNDA:9,ForgotPassword
FNDA:2,(anonymous_3)
FNDA:2,(anonymous_4)
DA:5,1
DA:6,1
DA:8,5
DA:9,9
DA:10,9
DA:12,9
DA:13,2
DA:15,2
DA:16,2
DA:37,2
LF:10
LH:10
BRDA:25,0,0,7
BRF:1
BRH:1
end_of_record
TN:
SF:app\register\page.tsx
FN:9,Register
FN:22,(anonymous_3)
FN:24,(anonymous_4)
FN:27,(anonymous_5)
FNF:4
FNH:4
FNDA:20,Register
FNDA:16,(anonymous_3)
FNDA:16,(anonymous_4)
FNDA:2,(anonymous_5)
DA:5,1
DA:6,1
DA:7,1
DA:9,4
DA:10,20
DA:11,20
DA:22,20
DA:23,16
DA:24,16
DA:27,20
DA:28,2
DA:30,2
DA:33,2
LF:13
LH:13
BRF:0
BRH:0
end_of_record
TN:
SF:app\sales\loading.tsx
FN:1,Loading
FNF:1
FNH:1
FNDA:2,Loading
DA:1,2
DA:2,2
LF:2
LH:2
BRF:0
BRH:0
end_of_record
TN:
SF:app\sales\page.tsx
FN:17,Sales
FN:41,(anonymous_2)
FN:43,(anonymous_3)
FN:46,(anonymous_4)
FN:54,(anonymous_5)
FN:57,(anonymous_6)
FN:79,(anonymous_7)
FN:101,(anonymous_8)
FN:128,(anonymous_9)
FN:278,(anonymous_10)
FNF:10
FNH:10
FNDA:25,Sales
FNDA:10,(anonymous_2)
FNDA:10,(anonymous_3)
FNDA:1,(anonymous_4)
FNDA:175,(anonymous_5)
FNDA:163,(anonymous_6)
FNDA:3,(anonymous_7)
FNDA:3,(anonymous_8)
FNDA:163,(anonymous_9)
FNDA:1,(anonymous_10)
DA:5,1
DA:6,1
DA:17,7
DA:19,25
DA:29,25
DA:30,25
DA:31,25
DA:41,25
DA:42,10
DA:43,10
DA:46,25
DA:47,1
DA:48,1
DA:49,1
DA:53,25
DA:54,175
DA:57,25
DA:58,163
DA:60,94
DA:62,46
DA:64,23
DA:66,0
DA:79,3
DA:101,3
DA:129,163
DA:278,1
LF:26
LH:25
BRDA:54,0,0,175
BRDA:54,0,1,13
BRDA:58,1,0,94
BRDA:58,1,1,46
BRDA:58,1,2,23
BRDA:58,1,3,0
BRDA:165,2,0,25
BRF:7
BRH:6
end_of_record
TN:
SF:app\users\page.tsx
FN:16,Users
FN:28,(anonymous_3)
FN:30,(anonymous_4)
FN:62,(anonymous_5)
FN:72,(anonymous_6)
FNF:5
FNH:5
FNDA:5,Users
FNDA:1,(anonymous_3)
FNDA:7,(anonymous_4)
FNDA:34,(anonymous_5)
FNDA:1,(anonymous_6)
DA:3,1
DA:4,1
DA:5,1
DA:16,4
DA:18,5
DA:28,5
DA:30,7
DA:63,34
DA:72,1
LF:9
LH:9
BRF:0
BRH:0
end_of_record
TN:
SF:app\users\new\page.tsx
FN:9,NewUser
FN:18,(anonymous_3)
FN:20,(anonymous_4)
FN:23,(anonymous_5)
FNF:4
FNH:4
FNDA:14,NewUser
FNDA:8,(anonymous_3)
FNDA:8,(anonymous_4)
FNDA:2,(anonymous_5)
DA:5,1
DA:6,1
DA:7,1
DA:9,6
DA:10,14
DA:11,14
DA:18,14
DA:19,8
DA:20,8
DA:23,14
DA:24,2
DA:26,2
DA:29,2
LF:13
LH:13
BRF:0
BRH:0
end_of_record
TN:
SF:components\header.tsx
FN:8,Header
FN:35,(anonymous_3)
FNF:2
FNH:2
FNDA:15,Header
FNDA:1,(anonymous_3)
DA:3,1
DA:4,1
DA:5,1
DA:6,1
DA:8,13
DA:9,15
DA:10,15
DA:35,1
LF:8
LH:8
BRF:0
BRH:0
end_of_record
TN:
SF:components\sidebar-provider.tsx
FN:14,SidebarProvider
FN:17,(anonymous_4)
FN:21,(anonymous_5)
FN:26,(anonymous_6)
FN:37,useSidebar
FNF:5
FNH:5
FNDA:57,SidebarProvider
FNDA:6,(anonymous_4)
FNDA:6,(anonymous_5)
FNDA:55,(anonymous_6)
FNDA:58,useSidebar
DA:4,3
DA:12,3
DA:14,45
DA:15,57
DA:17,57
DA:18,6
DA:21,57
DA:22,6
DA:25,57
DA:26,55
DA:37,58
DA:38,58
DA:39,58
DA:40,1
DA:42,57
LF:15
LH:15
BRDA:39,0,0,1
BRDA:39,0,1,57
BRF:2
BRH:2
end_of_record
TN:
SF:components\sidebar.tsx
FN:15,Sidebar
FN:37,(anonymous_3)
FN:93,(anonymous_4)
FN:99,(anonymous_5)
FNF:4
FNH:4
FNDA:25,Sidebar
FNDA:2,(anonymous_3)
FNDA:75,(anonymous_4)
FNDA:2,(anonymous_5)
DA:3,1
DA:4,1
DA:11,1
DA:12,1
DA:13,1
DA:15,22
DA:16,25
DA:17,25
DA:19,25
DA:37,25
DA:38,2
DA:39,1
DA:94,75
DA:95,75
DA:101,2
DA:102,1
LF:16
LH:16
BRDA:38,0,0,1
BRDA:38,0,1,1
BRDA:46,1,0,25
BRDA:65,2,0,22
BRDA:65,2,1,3
BRDA:101,3,0,1
BRDA:101,3,1,1
BRDA:106,4,0,25
BRDA:106,4,1,50
BRDA:110,5,0,25
BRDA:110,5,1,50
BRF:11
BRH:11
end_of_record
TN:
SF:components\theme-provider.tsx
FN:9,ThemeProvider
FNF:1
FNH:1
FNDA:8,ThemeProvider
DA:3,1
DA:7,1
DA:9,10
LF:3
LH:3
BRF:0
BRH:0
end_of_record
TN:
SF:components\ui\accordion.tsx
FNF:0
FNH:0
DA:3,1
DA:4,1
DA:5,1
DA:7,1
DA:9,1
DA:21,1
DA:41,1
DA:56,1
DA:58,1
LF:9
LH:9
BRF:0
BRH:0
end_of_record
TN:
SF:components\ui\alert-dialog.tsx
FNF:0
FNH:0
DA:3,0
DA:4,0
DA:6,0
DA:7,0
DA:9,0
DA:11,0
DA:13,0
DA:28,0
DA:46,0
DA:60,0
DA:74,0
DA:86,0
DA:98,0
DA:111,0
DA:127,0
DA:130,0
DA:131,0
DA:132,0
DA:133,0
DA:134,0
DA:135,0
DA:136,0
DA:137,0
DA:138,0
DA:139,0
DA:140,0
LF:26
LH:0
BRF:0
BRH:0
end_of_record
TN:
SF:components\ui\alert.tsx
FNF:0
FNH:0
DA:1,1
DA:2,1
DA:4,1
DA:6,1
DA:33,1
DA:47,1
DA:59,1
DA:61,6
LF:8
LH:8
BRDA:44,0,0,6
BRDA:44,0,1,0
BRF:2
BRH:1
end_of_record
TN:
SF:components\ui\aspect-ratio.tsx
FNF:0
FNH:0
DA:3,1
DA:5,1
DA:7,5
LF:3
LH:3
BRF:0
BRH:0
end_of_record
TN:
SF:components\ui\avatar.tsx
FNF:0
FNH:0
DA:3,1
DA:4,1
DA:6,1
DA:21,1
DA:33,1
DA:48,1
DA:50,7
LF:7
LH:7
BRF:0
BRH:0
end_of_record
TN:
SF:components\ui\badge.tsx
FN:30,Badge
FNF:1
FNH:1
FNDA:13,Badge
DA:1,1
DA:2,1
DA:4,1
DA:6,1
DA:36,13
LF:5
LH:5
BRF:0
BRH:0
end_of_record
TN:
SF:components\ui\breadcrumb.tsx
FN:47,(anonymous_14)
FNF:1
FNH:1
FNDA:18,(anonymous_14)
DA:1,1
DA:2,1
DA:3,1
DA:5,1
DA:13,1
DA:28,1
DA:40,1
DA:42,1
DA:48,18
DA:58,1
DA:71,1
DA:86,1
DA:101,1
DA:104,18
DA:105,18
DA:106,26
DA:107,18
DA:108,4
DA:109,9
DA:110,4
LF:20
LH:20
BRDA:48,0,0,1
BRDA:48,0,1,17
BRDA:83,1,0,9
BRF:3
BRH:3
end_of_record
TN:
SF:components\ui\button.tsx
FN:45,(anonymous_6)
FNF:1
FNH:1
FNDA:112,(anonymous_6)
DA:1,3
DA:2,3
DA:3,3
DA:4,3
DA:6,3
DA:8,3
DA:44,3
DA:46,112
DA:64,3
DA:66,108
LF:10
LH:10
BRDA:45,0,0,104
BRDA:45,1,0,99
BRDA:46,2,0,8
BRDA:46,2,1,104
BRDA:51,3,0,112
BRDA:51,3,1,76
BRDA:54,4,0,112
BRF:7
BRH:7
end_of_record
TN:
SF:components\ui\calendar.tsx
FN:15,Calendar
FNF:1
FNH:0
FNDA:0,Calendar
DA:3,0
DA:4,0
DA:5,0
DA:7,0
DA:8,0
DA:67,0
DA:69,0
LF:7
LH:0
BRDA:18,0,0,0
BRF:1
BRH:0
end_of_record
TN:
SF:components\ui\card.tsx
FNF:0
FNH:0
DA:1,1
DA:3,1
DA:18,1
DA:30,1
DA:45,1
DA:57,1
DA:65,1
DA:77,1
DA:79,18
LF:9
LH:9
BRF:0
BRH:0
end_of_record
TN:
SF:components\ui\carousel.tsx
FN:35,useCarousel
FN:49,(anonymous_11)
FN:71,(anonymous_12)
FN:80,(anonymous_13)
FN:84,(anonymous_14)
FN:89,(anonymous_15)
FN:101,(anonymous_16)
FN:109,(anonymous_17)
FN:118,(anonymous_18)
FN:124,(anonymous_19)
FN:168,(anonymous_20)
FN:190,(anonymous_21)
FN:211,(anonymous_22)
FN:240,(anonymous_23)
FNF:14
FNH:14
FNDA:204,useCarousel
FNDA:76,(anonymous_11)
FNDA:40,(anonymous_12)
FNDA:3,(anonymous_13)
FNDA:2,(anonymous_14)
FNDA:3,(anonymous_15)
FNDA:40,(anonymous_16)
FNDA:40,(anonymous_17)
FNDA:40,(anonymous_18)
FNDA:76,(anonymous_19)
FNDA:73,(anonymous_20)
FNDA:89,(anonymous_21)
FNDA:21,(anonymous_22)
FNDA:21,(anonymous_23)
DA:3,1
DA:6,1
DA:7,1
DA:9,1
DA:10,1
DA:33,1
DA:36,204
DA:38,204
DA:39,0
DA:42,204
DA:45,1
DA:61,76
DA:68,76
DA:69,76
DA:71,76
DA:72,40
DA:73,0
DA:76,40
DA:77,40
DA:80,76
DA:81,3
DA:84,76
DA:85,2
DA:88,76
DA:90,3
DA:91,2
DA:92,2
DA:93,1
DA:94,1
DA:95,1
DA:101,76
DA:102,40
DA:103,39
DA:106,1
DA:109,76
DA:110,40
DA:111,0
DA:114,40
DA:115,40
DA:116,40
DA:118,40
DA:119,40
DA:123,76
DA:124,76
DA:163,1
DA:165,1
DA:169,73
DA:185,1
DA:187,1
DA:191,89
DA:206,1
DA:208,1
DA:212,21
DA:235,1
DA:237,1
DA:241,21
DA:264,1
DA:268,37
DA:269,37
DA:270,45
DA:271,11
DA:272,11
LF:62
LH:59
BRDA:38,0,0,0
BRDA:38,0,1,204
BRDA:51,1,0,66
BRDA:64,2,0,66
BRDA:64,2,1,10
BRDA:72,3,0,0
BRDA:72,3,1,40
BRDA:90,4,0,2
BRDA:90,4,1,1
BRDA:93,5,0,1
BRDA:93,5,1,0
BRDA:102,6,0,39
BRDA:102,6,1,1
BRDA:102,7,0,40
BRDA:102,7,1,40
BRDA:110,8,0,0
BRDA:110,8,1,40
BRDA:129,9,0,76
BRDA:129,9,1,0
BRDA:129,10,0,0
BRDA:129,10,1,0
BRDA:177,11,0,63
BRDA:177,11,1,10
BRDA:199,12,0,79
BRDA:199,12,1,10
BRDA:211,13,0,21
BRDA:211,14,0,21
BRDA:221,15,0,19
BRDA:221,15,1,2
BRDA:240,16,0,21
BRDA:240,17,0,21
BRDA:250,18,0,19
BRDA:250,18,1,2
BRF:33
BRH:26
end_of_record
TN:
SF:components\ui\chart.tsx
FN:32,useChart
FN:50,(anonymous_11)
FN:55,(anonymous_12)
FN:82,(anonymous_13)
FN:84,(anonymous_14)
FN:96,(anonymous_15)
FN:99,(anonymous_16)
FN:128,(anonymous_17)
FN:148,(anonymous_18)
FN:200,(anonymous_19)
FN:279,(anonymous_20)
FN:298,(anonymous_21)
FN:330,getPayloadConfigFromPayload
FNF:13
FNH:13
FNDA:27,useChart
FNDA:39,(anonymous_11)
FNDA:38,(anonymous_12)
FNDA:39,(anonymous_13)
FNDA:73,(anonymous_14)
FNDA:74,(anonymous_15)
FNDA:146,(anonymous_16)
FNDA:19,(anonymous_17)
FNDA:19,(anonymous_18)
FNDA:26,(anonymous_19)
FNDA:8,(anonymous_20)
FNDA:12,(anonymous_21)
FNDA:55,getPayloadConfigFromPayload
DA:3,1
DA:4,1
DA:6,1
DA:9,1
DA:30,1
DA:33,27
DA:35,27
DA:36,0
DA:39,27
DA:42,1
DA:51,39
DA:52,39
DA:54,39
DA:55,38
DA:80,1
DA:82,1
DA:83,39
DA:84,73
DA:87,39
DA:88,2
DA:96,74
DA:101,146
DA:103,146
DA:115,1
DA:117,1
DA:146,19
DA:148,19
DA:149,19
DA:150,2
DA:153,17
DA:154,17
DA:155,17
DA:157,17
DA:161,17
DA:169,16
DA:170,4
DA:184,19
DA:185,2
DA:188,17
DA:201,26
DA:202,26
DA:203,26
DA:205,18
DA:267,1
DA:269,1
DA:271,1
DA:283,8
DA:285,8
DA:286,1
DA:299,12
DA:300,12
DA:302,12
DA:327,1
DA:335,55
DA:336,0
DA:340,55
DA:346,55
DA:348,55
DA:352,1
DA:353,54
DA:358,0
DA:363,55
DA:369,34
DA:370,5
DA:371,16
DA:372,5
DA:373,11
DA:374,0
LF:68
LH:64
BRDA:35,0,0,0
BRDA:35,0,1,27
BRDA:52,1,0,39
BRDA:52,1,1,39
BRDA:84,2,0,73
BRDA:84,2,1,73
BRDA:87,3,0,2
BRDA:87,3,1,37
BRDA:101,4,0,146
BRDA:101,4,1,146
BRDA:103,5,0,146
BRDA:103,5,1,0
BRDA:133,6,0,16
BRDA:134,7,0,18
BRDA:135,8,0,18
BRDA:149,9,0,2
BRDA:149,9,1,17
BRDA:149,10,0,19
BRDA:149,10,1,18
BRDA:154,11,0,17
BRDA:154,11,1,17
BRDA:154,11,2,0
BRDA:154,11,3,0
BRDA:157,12,0,13
BRDA:157,12,1,4
BRDA:157,13,0,17
BRDA:157,13,1,17
BRDA:158,14,0,13
BRDA:158,14,1,13
BRDA:161,15,0,1
BRDA:161,15,1,16
BRDA:169,16,0,4
BRDA:169,16,1,12
BRDA:184,17,0,2
BRDA:184,17,1,17
BRDA:184,18,0,19
BRDA:184,18,1,18
BRDA:188,19,0,17
BRDA:188,19,1,8
BRDA:198,20,0,17
BRDA:198,20,1,0
BRDA:201,21,0,26
BRDA:201,21,1,26
BRDA:201,21,2,0
BRDA:201,21,3,0
BRDA:203,22,0,26
BRDA:203,22,1,26
BRDA:203,22,2,18
BRDA:210,23,0,18
BRDA:210,23,1,14
BRDA:214,24,0,2
BRDA:213,25,0,18
BRDA:213,25,1,2
BRDA:213,25,2,2
BRDA:218,26,0,0
BRDA:220,27,0,16
BRDA:229,28,0,14
BRDA:229,28,1,0
BRDA:242,29,0,0
BRDA:242,29,1,16
BRDA:246,30,0,0
BRDA:246,30,1,16
BRDA:248,31,0,16
BRDA:248,31,1,16
BRDA:251,32,0,16
BRDA:280,33,0,7
BRDA:280,34,0,6
BRDA:285,35,0,1
BRDA:285,35,1,7
BRDA:294,36,0,1
BRDA:294,36,1,6
BRDA:299,37,0,12
BRDA:299,37,1,11
BRDA:299,37,2,0
BRDA:310,38,0,0
BRDA:309,39,0,12
BRDA:309,39,1,0
BRDA:335,40,0,0
BRDA:335,40,1,55
BRDA:335,41,0,55
BRDA:335,41,1,55
BRDA:340,42,0,27
BRDA:340,42,1,28
BRDA:340,43,0,55
BRDA:340,43,1,27
BRDA:340,43,2,27
BRDA:348,44,0,1
BRDA:348,44,1,54
BRDA:349,45,0,55
BRDA:349,45,1,1
BRDA:353,46,0,0
BRDA:353,46,1,54
BRDA:354,47,0,54
BRDA:354,47,1,27
BRDA:354,47,2,9
BRDA:363,48,0,24
BRDA:363,48,1,31
BRF:97
BRH:81
end_of_record
TN:
SF:components\ui\checkbox.tsx
FNF:0
FNH:0
DA:3,1
DA:4,1
DA:5,1
DA:7,1
DA:28,1
DA:30,19
LF:6
LH:6
BRF:0
BRH:0
end_of_record
TN:
SF:components\ui\collapsible.tsx
FNF:0
FNH:0
DA:3,1
DA:5,1
DA:7,1
DA:9,1
DA:11,2
LF:5
LH:5
BRF:0
BRH:0
end_of_record
TN:
SF:components\ui\command.tsx
FN:26,(anonymous_14)
FN:127,(anonymous_21)
FNF:2
FNH:0
FNDA:0,(anonymous_14)
FNDA:0,(anonymous_21)
DA:3,0
DA:5,0
DA:6,0
DA:8,0
DA:9,0
DA:24,0
DA:26,0
DA:55,0
DA:68,0
DA:81,0
DA:97,0
DA:109,0
DA:125,0
DA:127,0
DA:141,0
DA:144,0
DA:145,0
DA:146,0
DA:147,0
DA:148,0
DA:149,0
DA:150,0
DA:151,0
DA:152,0
LF:24
LH:0
BRF:0
BRH:0
end_of_record
TN:
SF:components\ui\context-menu.tsx
FN:168,(anonymous_27)
FNF:1
FNH:0
FNDA:0,(anonymous_27)
DA:3,0
DA:4,0
DA:5,0
DA:7,0
DA:9,0
DA:11,0
DA:13,0
DA:15,0
DA:17,0
DA:19,0
DA:40,0
DA:55,0
DA:72,0
DA:90,0
DA:113,0
DA:136,0
DA:154,0
DA:166,0
DA:168,0
DA:182,0
DA:185,0
DA:186,0
DA:187,0
DA:188,0
DA:189,0
DA:190,0
DA:191,0
DA:192,0
DA:193,0
DA:194,0
DA:195,0
DA:196,0
DA:197,0
DA:198,0
DA:199,0
LF:35
LH:0
BRDA:31,0,0,0
BRDA:31,0,1,0
BRDA:84,1,0,0
BRDA:84,1,1,0
BRDA:148,2,0,0
BRDA:148,2,1,0
BRF:6
BRH:0
end_of_record
TN:
SF:components\ui\dialog.tsx
FNF:0
FNH:0
DA:3,1
DA:4,1
DA:5,1
DA:7,1
DA:9,1
DA:11,1
DA:13,1
DA:15,1
DA:30,1
DA:54,1
DA:68,1
DA:82,1
DA:97,1
DA:109,1
DA:112,14
DA:113,1
DA:114,2
DA:115,5
DA:116,7
DA:117,14
DA:118,4
DA:119,1
DA:120,14
DA:121,2
LF:24
LH:24
BRF:0
BRH:0
end_of_record
TN:
SF:components\ui\drawer.tsx
FNF:0
FNH:0
DA:3,0
DA:4,0
DA:6,0
DA:17,0
DA:19,0
DA:21,0
DA:23,0
DA:35,0
DA:56,0
DA:67,0
DA:78,0
DA:93,0
DA:105,0
DA:108,0
DA:109,0
DA:110,0
DA:111,0
DA:112,0
DA:113,0
DA:114,0
DA:115,0
DA:116,0
DA:117,0
LF:23
LH:0
BRDA:9,0,0,0
BRF:1
BRH:0
end_of_record
TN:
SF:components\ui\dropdown-menu.tsx
FN:171,(anonymous_27)
FNF:1
FNH:0
FNDA:0,(anonymous_27)
DA:3,0
DA:4,0
DA:5,0
DA:7,0
DA:9,0
DA:11,0
DA:13,0
DA:15,0
DA:17,0
DA:19,0
DA:40,0
DA:56,0
DA:75,0
DA:93,0
DA:116,0
DA:139,0
DA:157,0
DA:169,0
DA:171,0
DA:182,0
DA:185,0
DA:186,0
DA:187,0
DA:188,0
DA:189,0
DA:190,0
DA:191,0
DA:192,0
DA:193,0
DA:194,0
DA:195,0
DA:196,0
DA:197,0
DA:198,0
DA:199,0
LF:35
LH:0
BRDA:31,0,0,0
BRDA:31,0,1,0
BRDA:62,1,0,0
BRDA:87,2,0,0
BRDA:87,2,1,0
BRDA:151,3,0,0
BRDA:151,3,1,0
BRF:7
BRH:0
end_of_record
TN:
SF:components\ui\form.tsx
FN:31,(anonymous_12)
FN:38,(anonymous_13)
FN:51,(anonymous_14)
FN:85,(anonymous_15)
FN:88,(anonymous_16)
FN:105,(anonymous_17)
FN:122,(anonymous_18)
FN:144,(anonymous_19)
FN:161,(anonymous_20)
FNF:9
FNH:0
FNDA:0,(anonymous_12)
FNDA:0,(anonymous_13)
FNDA:0,(anonymous_14)
FNDA:0,(anonymous_15)
FNDA:0,(anonymous_16)
FNDA:0,(anonymous_17)
FNDA:0,(anonymous_18)
FNDA:0,(anonymous_19)
FNDA:0,(anonymous_20)
DA:3,0
DA:5,0
DA:13,0
DA:15,0
DA:16,0
DA:18,0
DA:27,0
DA:31,0
DA:37,0
DA:38,0
DA:51,0
DA:52,0
DA:53,0
DA:54,0
DA:56,0
DA:58,0
DA:59,0
DA:62,0
DA:64,0
DA:78,0
DA:82,0
DA:86,0
DA:87,0
DA:88,0
DA:100,0
DA:102,0
DA:106,0
DA:117,0
DA:119,0
DA:123,0
DA:139,0
DA:141,0
DA:145,0
DA:156,0
DA:158,0
DA:162,0
DA:163,0
DA:165,0
DA:166,0
DA:180,0
DA:183,0
DA:184,0
DA:185,0
DA:186,0
DA:187,0
DA:188,0
DA:189,0
DA:190,0
LF:48
LH:0
BRDA:58,0,0,0
BRDA:58,0,1,0
BRDA:111,1,0,0
BRDA:111,1,1,0
BRDA:130,2,0,0
BRDA:130,2,1,0
BRDA:163,3,0,0
BRDA:163,3,1,0
BRDA:165,4,0,0
BRDA:165,4,1,0
BRF:10
BRH:0
end_of_record
TN:
SF:components\ui\hover-card.tsx
FNF:0
FNH:0
DA:3,0
DA:4,0
DA:6,0
DA:8,0
DA:10,0
DA:27,0
DA:29,0
LF:7
LH:0
BRDA:15,0,0,0
BRDA:15,1,0,0
BRF:2
BRH:0
end_of_record
TN:
SF:components\ui\input-otp.tsx
FN:36,(anonymous_10)
FNF:1
FNH:1
FNDA:91,(anonymous_10)
DA:3,1
DA:4,1
DA:5,1
DA:7,1
DA:23,1
DA:31,1
DA:33,1
DA:37,91
DA:38,91
DA:59,1
DA:69,1
DA:71,91
LF:12
LH:12
BRDA:45,0,0,91
BRDA:45,0,1,0
BRDA:51,1,0,91
BRF:3
BRH:2
end_of_record
TN:
SF:components\ui\input.tsx
FN:6,(anonymous_4)
FNF:1
FNH:1
FNDA:4,(anonymous_4)
DA:1,1
DA:3,1
DA:5,1
DA:20,1
DA:22,4
LF:5
LH:5
BRF:0
BRH:0
end_of_record
TN:
SF:components\ui\label.tsx
FNF:0
FNH:0
DA:3,1
DA:4,1
DA:5,1
DA:7,1
DA:9,1
DA:24,1
DA:26,11
LF:7
LH:7
BRF:0
BRH:0
end_of_record
TN:
SF:components\ui\menubar.tsx
FN:203,(anonymous_30)
FNF:1
FNH:0
FNDA:0,(anonymous_30)
DA:3,0
DA:4,0
DA:5,0
DA:7,0
DA:9,0
DA:11,0
DA:13,0
DA:15,0
DA:17,0
DA:32,0
DA:47,0
DA:68,0
DA:83,0
DA:108,0
DA:126,0
DA:149,0
DA:171,0
DA:189,0
DA:201,0
DA:203,0
DA:217,0
DA:220,0
DA:221,0
DA:222,0
DA:223,0
DA:224,0
DA:225,0
DA:226,0
DA:227,0
DA:228,0
DA:229,0
DA:230,0
DA:231,0
DA:232,0
DA:233,0
DA:234,0
DA:235,0
LF:37
LH:0
BRDA:59,0,0,0
BRDA:59,0,1,0
BRDA:90,1,0,0
BRDA:90,2,0,0
BRDA:90,3,0,0
BRDA:120,4,0,0
BRDA:120,4,1,0
BRDA:183,5,0,0
BRDA:183,5,1,0
BRF:9
BRH:0
end_of_record
TN:
SF:components\ui\navigation-menu.tsx
FNF:0
FNH:0
DA:1,0
DA:2,0
DA:3,0
DA:4,0
DA:6,0
DA:24,0
DA:39,0
DA:41,0
DA:43,0
DA:63,0
DA:78,0
DA:80,0
DA:97,0
DA:115,0
DA:119,0
DA:120,0
DA:121,0
DA:122,0
DA:123,0
DA:124,0
DA:125,0
DA:126,0
DA:127,0
LF:23
LH:0
BRF:0
BRH:0
end_of_record
TN:
SF:components\ui\pagination.tsx
FNF:0
FNH:0
DA:1,1
DA:2,1
DA:4,1
DA:5,1
DA:15,1
DA:27,1
DA:35,1
DA:63,1
DA:79,1
DA:95,1
DA:110,1
DA:113,26
DA:114,26
DA:115,6
DA:116,36
DA:117,20
DA:118,5
DA:119,5
LF:18
LH:18
BRDA:45,0,0,18
BRDA:50,1,0,10
BRDA:50,1,1,20
BRDA:53,2,0,10
BRDA:53,2,1,20
BRDA:60,3,0,30
BRF:6
BRH:6
end_of_record
TN:
SF:components\ui\popover.tsx
FNF:0
FNH:0
DA:3,0
DA:4,0
DA:6,0
DA:8,0
DA:10,0
DA:29,0
DA:31,0
LF:7
LH:0
BRDA:15,0,0,0
BRDA:15,1,0,0
BRF:2
BRH:0
end_of_record
TN:
SF:components\ui\progress.tsx
FNF:0
FNH:0
DA:3,1
DA:4,1
DA:6,1
DA:26,1
DA:28,10
LF:5
LH:5
BRDA:22,0,0,10
BRDA:22,0,1,5
BRF:2
BRH:2
end_of_record
TN:
SF:components\ui\radio-group.tsx
FN:12,(anonymous_6)
FN:26,(anonymous_7)
FNF:2
FNH:0
FNDA:0,(anonymous_6)
FNDA:0,(anonymous_7)
DA:3,0
DA:4,0
DA:5,0
DA:7,0
DA:9,0
DA:21,0
DA:23,0
DA:42,0
DA:44,0
LF:9
LH:0
BRF:0
BRH:0
end_of_record
TN:
SF:components\ui\resizable.tsx
FNF:0
FNH:0
DA:3,0
DA:4,0
DA:6,0
DA:21,0
DA:45,0
LF:5
LH:0
BRDA:37,0,0,0
BRF:1
BRH:0
end_of_record
TN:
SF:components\ui\scroll-area.tsx
FNF:0
FNH:0
DA:3,0
DA:4,0
DA:6,0
DA:24,0
DA:46,0
DA:48,0
LF:6
LH:0
BRDA:29,0,0,0
BRDA:35,1,0,0
BRDA:35,1,1,0
BRDA:37,2,0,0
BRDA:37,2,1,0
BRF:5
BRH:0
end_of_record
TN:
SF:components\ui\select.tsx
FNF:0
FNH:0
DA:3,1
DA:4,1
DA:5,1
DA:7,1
DA:9,1
DA:11,1
DA:13,1
DA:33,1
DA:50,1
DA:67,1
DA:100,1
DA:112,1
DA:135,1
DA:147,1
DA:150,3
DA:151,0
DA:152,3
DA:153,3
DA:154,3
DA:155,0
DA:156,6
DA:157,0
DA:158,0
DA:159,0
LF:24
LH:19
BRDA:73,0,0,3
BRDA:79,1,0,3
BRDA:79,1,1,3
BRDA:90,2,0,3
BRDA:90,2,1,3
BRF:5
BRH:5
end_of_record
TN:
SF:components\ui\separator.tsx
FNF:0
FNH:0
DA:3,1
DA:4,1
DA:6,1
DA:29,1
DA:31,13
LF:5
LH:5
BRDA:13,0,0,10
BRDA:13,1,0,13
BRDA:22,2,0,11
BRDA:22,2,1,2
BRF:4
BRH:4
end_of_record
TN:
SF:components\ui\sheet.tsx
FNF:0
FNH:0
DA:3,0
DA:4,0
DA:5,0
DA:6,0
DA:8,0
DA:10,0
DA:12,0
DA:14,0
DA:16,0
DA:31,0
DA:33,0
DA:75,0
DA:89,0
DA:103,0
DA:115,0
DA:127,0
DA:130,0
DA:131,0
DA:132,0
DA:133,0
DA:134,0
DA:135,0
DA:136,0
DA:137,0
DA:138,0
DA:139,0
LF:26
LH:0
BRDA:59,0,0,0
BRF:1
BRH:0
end_of_record
TN:
SF:components\ui\sidebar.tsx
FN:41,useSidebar
FN:58,(anonymous_29)
FN:78,(anonymous_30)
FN:93,(anonymous_31)
FN:95,(anonymous_32)
FN:96,(anonymous_33)
FN:100,(anonymous_34)
FN:101,(anonymous_35)
FN:112,(anonymous_36)
FN:120,(anonymous_37)
FN:167,(anonymous_38)
FN:265,(anonymous_39)
FN:275,(anonymous_40)
FN:291,(anonymous_41)
FN:320,(anonymous_42)
FN:338,(anonymous_43)
FN:356,(anonymous_44)
FN:371,(anonymous_45)
FN:386,(anonymous_46)
FN:401,(anonymous_47)
FN:419,(anonymous_48)
FN:434,(anonymous_49)
FN:455,(anonymous_50)
FN:544,(anonymous_54)
FN:601,(anonymous_55)
FN:652,(anonymous_57)
FN:654,(anonymous_58)
FN:716,(anonymous_61)
FNF:28
FNH:0
FNDA:0,useSidebar
FNDA:0,(anonymous_29)
FNDA:0,(anonymous_30)
FNDA:0,(anonymous_31)
FNDA:0,(anonymous_32)
FNDA:0,(anonymous_33)
FNDA:0,(anonymous_34)
FNDA:0,(anonymous_35)
FNDA:0,(anonymous_36)
FNDA:0,(anonymous_37)
FNDA:0,(anonymous_38)
FNDA:0,(anonymous_39)
FNDA:0,(anonymous_40)
FNDA:0,(anonymous_41)
FNDA:0,(anonymous_42)
FNDA:0,(anonymous_43)
FNDA:0,(anonymous_44)
FNDA:0,(anonymous_45)
FNDA:0,(anonymous_46)
FNDA:0,(anonymous_47)
FNDA:0,(anonymous_48)
FNDA:0,(anonymous_49)
FNDA:0,(anonymous_50)
FNDA:0,(anonymous_54)
FNDA:0,(anonymous_55)
FNDA:0,(anonymous_57)
FNDA:0,(anonymous_58)
FNDA:0,(anonymous_61)
DA:3,0
DA:4,0
DA:5,0
DA:6,0
DA:8,0
DA:9,0
DA:10,0
DA:11,0
DA:12,0
DA:13,0
DA:14,0
DA:20,0
DA:22,0
DA:23,0
DA:24,0
DA:25,0
DA:26,0
DA:27,0
DA:39,0
DA:42,0
DA:43,0
DA:44,0
DA:47,0
DA:50,0
DA:70,0
DA:71,0
DA:75,0
DA:76,0
DA:77,0
DA:79,0
DA:80,0
DA:81,0
DA:83,0
DA:87,0
DA:93,0
DA:94,0
DA:95,0
DA:96,0
DA:100,0
DA:101,0
DA:102,0
DA:106,0
DA:107,0
DA:111,0
DA:112,0
DA:117,0
DA:119,0
DA:120,0
DA:157,0
DA:159,0
DA:178,0
DA:180,0
DA:195,0
DA:260,0
DA:262,0
DA:266,0
DA:276,0
DA:277,0
DA:286,0
DA:288,0
DA:292,0
DA:315,0
DA:317,0
DA:333,0
DA:335,0
DA:351,0
DA:353,0
DA:366,0
DA:368,0
DA:381,0
DA:383,0
DA:396,0
DA:398,0
DA:414,0
DA:416,0
DA:429,0
DA:431,0
DA:435,0
DA:450,0
DA:452,0
DA:456,0
DA:473,0
DA:486,0
DA:499,0
DA:512,0
DA:514,0
DA:536,0
DA:556,0
DA:557,0
DA:570,0
DA:571,0
DA:574,0
DA:575,0
DA:593,0
DA:595,0
DA:602,0
DA:624,0
DA:645,0
DA:647,0
DA:654,0
DA:656,0
DA:684,0
DA:701,0
DA:707,0
DA:709,0
DA:717,0
DA:737,0
DA:740,0
DA:741,0
DA:742,0
DA:743,0
DA:744,0
DA:745,0
DA:746,0
DA:747,0
DA:748,0
DA:749,0
DA:750,0
DA:751,0
DA:752,0
DA:753,0
DA:754,0
DA:755,0
DA:756,0
DA:757,0
DA:758,0
DA:759,0
DA:760,0
DA:761,0
DA:762,0
DA:763,0
LF:131
LH:0
BRDA:43,0,0,0
BRDA:43,0,1,0
BRDA:60,1,0,0
BRDA:76,2,0,0
BRDA:76,2,1,0
BRDA:79,3,0,0
BRDA:79,3,1,0
BRDA:80,4,0,0
BRDA:80,4,1,0
BRDA:94,5,0,0
BRDA:94,5,1,0
BRDA:102,6,0,0
BRDA:102,6,1,0
BRDA:103,7,0,0
BRDA:103,7,1,0
BRDA:103,7,2,0
BRDA:117,8,0,0
BRDA:117,8,1,0
BRDA:169,9,0,0
BRDA:170,10,0,0
BRDA:171,11,0,0
BRDA:180,12,0,0
BRDA:180,12,1,0
BRDA:195,13,0,0
BRDA:195,13,1,0
BRDA:220,14,0,0
BRDA:220,14,1,0
BRDA:230,15,0,0
BRDA:230,15,1,0
BRDA:230,16,0,0
BRDA:230,16,1,0
BRDA:238,17,0,0
BRDA:238,17,1,0
BRDA:242,18,0,0
BRDA:242,18,1,0
BRDA:242,19,0,0
BRDA:242,19,1,0
BRDA:434,20,0,0
BRDA:435,21,0,0
BRDA:435,21,1,0
BRDA:455,22,0,0
BRDA:456,23,0,0
BRDA:456,23,1,0
BRDA:546,24,0,0
BRDA:547,25,0,0
BRDA:548,26,0,0
BRDA:549,27,0,0
BRDA:556,28,0,0
BRDA:556,28,1,0
BRDA:570,29,0,0
BRDA:570,29,1,0
BRDA:574,30,0,0
BRDA:574,30,1,0
BRDA:586,31,0,0
BRDA:586,31,1,0
BRDA:601,32,0,0
BRDA:601,33,0,0
BRDA:602,34,0,0
BRDA:602,34,1,0
BRDA:616,35,0,0
BRDA:616,35,1,0
BRDA:652,36,0,0
BRDA:666,37,0,0
BRDA:716,38,0,0
BRDA:716,39,0,0
BRDA:717,40,0,0
BRDA:717,40,1,0
BRDA:728,41,0,0
BRDA:728,41,1,0
BRDA:729,42,0,0
BRDA:729,42,1,0
BRF:71
BRH:0
end_of_record
TN:
SF:components\ui\skeleton.tsx
FN:3,Skeleton
FNF:1
FNH:1
FNDA:5,Skeleton
DA:1,1
DA:15,5
LF:2
LH:2
BRF:0
BRH:0
end_of_record
TN:
SF:components\ui\slider.tsx
FNF:0
FNH:0
DA:3,1
DA:4,1
DA:6,1
DA:26,1
DA:28,10
LF:5
LH:5
BRF:0
BRH:0
end_of_record
TN:
SF:components\ui\sonner.tsx
FN:8,(anonymous_1)
FNF:1
FNH:0
FNDA:0,(anonymous_1)
DA:3,0
DA:4,0
DA:8,0
DA:9,0
DA:31,0
LF:5
LH:0
BRDA:9,0,0,0
BRF:1
BRH:0
end_of_record
TN:
SF:components\ui\switch.tsx
FNF:0
FNH:0
DA:3,1
DA:4,1
DA:6,1
DA:27,1
DA:29,19
LF:5
LH:5
BRF:0
BRH:0
end_of_record
TN:
SF:components\ui\table.tsx
FNF:0
FNH:0
DA:1,1
DA:3,1
DA:18,1
DA:26,1
DA:38,1
DA:53,1
DA:68,1
DA:83,1
DA:95,1
DA:107,1
DA:110,2
DA:111,0
DA:112,2
DA:113,0
DA:114,0
DA:115,2
DA:116,2
DA:117,0
LF:18
LH:14
BRF:0
BRH:0
end_of_record
TN:
SF:components\ui\tabs.tsx
FNF:0
FNH:0
DA:3,0
DA:4,0
DA:6,0
DA:8,0
DA:23,0
DA:38,0
DA:53,0
DA:55,0
LF:8
LH:0
BRF:0
BRH:0
end_of_record
TN:
SF:components\ui\textarea.tsx
FN:8,(anonymous_4)
FNF:1
FNH:1
FNDA:23,(anonymous_4)
DA:1,1
DA:3,1
DA:5,1
DA:20,1
DA:22,23
LF:5
LH:5
BRF:0
BRH:0
end_of_record
TN:
SF:components\ui\toast.tsx
FN:47,(anonymous_12)
FNF:1
FNH:1
FNDA:34,(anonymous_12)
DA:3,1
DA:4,1
DA:5,1
DA:6,1
DA:8,1
DA:10,1
DA:25,1
DA:27,1
DA:43,1
DA:56,1
DA:71,1
DA:89,1
DA:101,1
DA:113,1
DA:122,17
DA:123,10
DA:124,24
DA:125,18
DA:126,13
DA:127,17
DA:128,19
LF:21
LH:21
BRF:0
BRH:0
end_of_record
TN:
SF:components\ui\toaster.tsx
FN:13,Toaster
FN:18,(anonymous_2)
FNF:2
FNH:0
FNDA:0,Toaster
FNDA:0,(anonymous_2)
DA:3,0
DA:11,0
DA:13,0
DA:14,0
DA:19,0
LF:5
LH:0
BRDA:22,0,0,0
BRDA:23,1,0,0
BRF:2
BRH:0
end_of_record
TN:
SF:components\ui\toggle-group.tsx
FN:21,(anonymous_6)
FN:23,(anonymous_7)
FN:46,(anonymous_8)
FNF:3
FNH:3
FNDA:49,(anonymous_6)
FNDA:46,(anonymous_7)
FNDA:47,(anonymous_8)
DA:3,1
DA:4,1
DA:7,1
DA:8,1
DA:10,1
DA:17,1
DA:22,49
DA:23,46
DA:40,1
DA:42,1
DA:47,47
DA:66,1
DA:68,61
LF:13
LH:13
BRDA:54,0,0,47
BRDA:54,0,1,47
BRDA:55,1,0,47
BRDA:55,1,1,47
BRF:4
BRH:4
end_of_record
TN:
SF:components\ui\toggle.tsx
FNF:0
FNH:0
DA:3,2
DA:4,2
DA:5,2
DA:7,2
DA:9,2
DA:43,2
DA:45,47
LF:7
LH:7
BRF:0
BRH:0
end_of_record
TN:
SF:components\ui\tooltip.tsx
FNF:0
FNH:0
DA:3,1
DA:4,1
DA:6,1
DA:8,1
DA:10,1
DA:12,1
DA:28,1
DA:30,46
LF:8
LH:8
BRDA:17,0,0,43
BRF:1
BRH:1
end_of_record
TN:
SF:components\ui\use-mobile.tsx
FN:5,useIsMobile
FN:8,(anonymous_5)
FN:10,(anonymous_6)
FN:15,(anonymous_7)
FNF:4
FNH:4
FNDA:13,useIsMobile
FNDA:6,(anonymous_5)
FNDA:1,(anonymous_6)
FNDA:6,(anonymous_7)
DA:1,1
DA:3,1
DA:5,13
DA:6,13
DA:8,12
DA:9,6
DA:10,6
DA:11,1
DA:13,6
DA:14,6
DA:15,6
DA:18,12
LF:12
LH:12
BRF:0
BRH:0
end_of_record
TN:
SF:components\ui\use-toast.ts
FN:30,genId
FN:61,(anonymous_9)
FN:66,(anonymous_10)
FN:77,(anonymous_11)
FN:88,(anonymous_12)
FN:101,(anonymous_13)
FN:108,(anonymous_14)
FN:127,(anonymous_15)
FN:136,dispatch
FN:138,(anonymous_17)
FN:145,toast
FN:148,(anonymous_19)
FN:153,(anonymous_20)
FN:163,(anonymous_21)
FN:179,useToast
FN:182,(anonymous_23)
FN:184,(anonymous_24)
FN:195,(anonymous_25)
FN:200,resetToastState
FNF:19
FNH:18
FNDA:15,genId
FNDA:7,(anonymous_9)
FNDA:0,(anonymous_10)
FNDA:26,(anonymous_11)
FNDA:2,(anonymous_12)
FNDA:3,(anonymous_13)
FNDA:7,(anonymous_14)
FNDA:2,(anonymous_15)
FNDA:20,dispatch
FNDA:18,(anonymous_17)
FNDA:15,toast
FNDA:1,(anonymous_19)
FNDA:2,(anonymous_20)
FNDA:1,(anonymous_21)
FNDA:30,useToast
FNDA:30,(anonymous_23)
FNDA:30,(anonymous_24)
FNDA:2,(anonymous_25)
FNDA:19,resetToastState
DA:4,1
DA:11,1
DA:12,1
DA:21,1
DA:28,1
DA:31,15
DA:32,15
DA:59,1
DA:61,1
DA:62,7
DA:63,0
DA:66,7
DA:67,0
DA:68,0
DA:74,7
DA:77,6
DA:78,26
DA:80,16
DA:86,2
DA:89,2
DA:94,6
DA:98,6
DA:99,4
DA:101,2
DA:102,3
DA:106,6
DA:109,7
DA:119,2
DA:120,1
DA:125,1
DA:127,2
DA:132,1
DA:134,1
DA:137,20
DA:138,20
DA:139,18
DA:146,15
DA:148,15
DA:149,1
DA:153,15
DA:155,15
DA:157,15
DA:164,1
DA:165,1
DA:167,1
DA:172,15
DA:180,30
DA:182,30
DA:183,30
DA:184,30
DA:185,30
DA:186,30
DA:187,30
DA:192,30
DA:195,2
DA:201,19
DA:202,19
DA:203,19
DA:204,19
DA:207,30
LF:60
LH:57
BRDA:62,0,0,0
BRDA:62,0,1,7
BRDA:78,1,0,16
BRDA:78,1,1,2
BRDA:78,1,2,6
BRDA:78,1,3,2
BRDA:89,2,0,2
BRDA:89,2,1,0
BRDA:98,3,0,4
BRDA:98,3,1,2
BRDA:109,4,0,7
BRDA:109,4,1,0
BRDA:109,5,0,7
BRDA:109,5,1,3
BRDA:119,6,0,1
BRDA:119,6,1,1
BRDA:164,7,0,1
BRDA:164,7,1,0
BRDA:167,8,0,1
BRDA:167,8,1,0
BRDA:186,9,0,30
BRDA:186,9,1,0
BRF:22
BRH:16
end_of_record
TN:
SF:lib\utils.ts
FN:4,cn
FNF:1
FNH:1
FNDA:1581,cn
DA:1,28
DA:2,28
DA:4,1581
DA:5,1581
LF:4
LH:4
BRF:0
BRH:0
end_of_record
